2025-01-28 14:57:04,262 - werkzeug - WARNING -  * Debugger is active!
2025-01-28 14:57:04,273 - werkzeug - INFO -  * Debugger PIN: 105-170-526
2025-01-28 14:57:22,748 - werkzeug - INFO -  * Detected change in '/Users/youcefs/Desktop/data_mining/final/api/app.py', reloading
2025-01-28 14:57:24,493 - werkzeug - WARNING -  * Debugger is active!
2025-01-28 14:57:24,503 - werkzeug - INFO -  * Debugger PIN: 105-170-526
2025-01-28 14:57:28,347 - werkzeug - INFO -  * Detected change in '/Users/youcefs/Desktop/data_mining/final/api/app.py', reloading
2025-01-28 14:57:29,834 - werkzeug - WARNING -  * Debugger is active!
2025-01-28 14:57:29,845 - werkzeug - INFO -  * Debugger PIN: 105-170-526
2025-01-28 14:57:30,587 - werkzeug - INFO -  * Detected change in '/Users/youcefs/Desktop/data_mining/final/api/app.py', reloading
2025-01-28 14:57:31,776 - werkzeug - WARNING -  * Debugger is active!
2025-01-28 14:57:31,784 - werkzeug - INFO -  * Debugger PIN: 105-170-526
2025-01-28 14:57:35,665 - werkzeug - INFO - [31m[1mWARNING: This is a development server. Do not use it in a production deployment. Use a production WSGI server instead.[0m
 * Running on http://127.0.0.1:5000
2025-01-28 14:57:35,666 - werkzeug - INFO - [33mPress CTRL+C to quit[0m
2025-01-28 14:57:35,669 - werkzeug - INFO -  * Restarting with watchdog (fsevents)
2025-01-28 14:57:36,436 - werkzeug - WARNING -  * Debugger is active!
2025-01-28 14:57:36,444 - werkzeug - INFO -  * Debugger PIN: 105-170-526
2025-01-28 14:58:38,020 - werkzeug - INFO - 127.0.0.1 - - [28/Jan/2025 14:58:38] "GET / HTTP/1.1" 200 -
2025-01-28 14:58:59,021 - werkzeug - INFO - 127.0.0.1 - - [28/Jan/2025 14:58:59] "GET /health HTTP/1.1" 200 -
2025-01-28 14:59:40,290 - werkzeug - INFO - 127.0.0.1 - - [28/Jan/2025 14:59:40] "GET /model-info HTTP/1.1" 200 -
2025-01-28 15:00:00,062 - __main__ - INFO - Prediction made: {'prediction': {'class': 0, 'status': 'Failure', 'confidence_scores': {'Failure': 0.9131976983925477, 'Normal': 0.0, 'Warning': 0.08680230160745514}, 'threshold_warnings': []}, 'feature_analysis': {'importance': {'Traffic': 0.35087367170513567, 'Signal_Strength': 0.22245862561555318, 'Temperature': 0.21523928399814318, 'SINR': 0.15984043976060489, 'Humidity': 0.051587978920563056}, 'anomalies': []}, 'metadata': {'timestamp': '2025-01-28T15:00:00.062112', 'processing_time': '0.009s', 'model_version': '1.0'}}
2025-01-28 15:00:00,065 - werkzeug - INFO - 127.0.0.1 - - [28/Jan/2025 15:00:00] "POST /predict HTTP/1.1" 200 -
2025-01-28 15:00:24,837 - __main__ - INFO - Prediction made: {'prediction': {'class': 0, 'status': 'Failure', 'confidence_scores': {'Failure': 0.9131976983925477, 'Normal': 0.0, 'Warning': 0.08680230160745514}, 'threshold_warnings': []}, 'feature_analysis': {'importance': {'Traffic': 0.35087367170513567, 'Signal_Strength': 0.22245862561555318, 'Temperature': 0.21523928399814318, 'SINR': 0.15984043976060489, 'Humidity': 0.051587978920563056}, 'anomalies': []}, 'metadata': {'timestamp': '2025-01-28T15:00:24.837480', 'processing_time': '0.006s', 'model_version': '1.0'}}
2025-01-28 15:00:24,838 - werkzeug - INFO - 127.0.0.1 - - [28/Jan/2025 15:00:24] "POST /predict HTTP/1.1" 200 -
2025-01-28 15:00:26,606 - __main__ - INFO - Prediction made: {'prediction': {'class': 0, 'status': 'Failure', 'confidence_scores': {'Failure': 0.9131976983925477, 'Normal': 0.0, 'Warning': 0.08680230160745514}, 'threshold_warnings': []}, 'feature_analysis': {'importance': {'Traffic': 0.35087367170513567, 'Signal_Strength': 0.22245862561555318, 'Temperature': 0.21523928399814318, 'SINR': 0.15984043976060489, 'Humidity': 0.051587978920563056}, 'anomalies': []}, 'metadata': {'timestamp': '2025-01-28T15:00:26.606686', 'processing_time': '0.008s', 'model_version': '1.0'}}
2025-01-28 15:00:26,606 - werkzeug - INFO - 127.0.0.1 - - [28/Jan/2025 15:00:26] "POST /predict HTTP/1.1" 200 -
2025-01-28 15:00:27,326 - __main__ - INFO - Prediction made: {'prediction': {'class': 0, 'status': 'Failure', 'confidence_scores': {'Failure': 0.9131976983925477, 'Normal': 0.0, 'Warning': 0.08680230160745514}, 'threshold_warnings': []}, 'feature_analysis': {'importance': {'Traffic': 0.35087367170513567, 'Signal_Strength': 0.22245862561555318, 'Temperature': 0.21523928399814318, 'SINR': 0.15984043976060489, 'Humidity': 0.051587978920563056}, 'anomalies': []}, 'metadata': {'timestamp': '2025-01-28T15:00:27.326919', 'processing_time': '0.003s', 'model_version': '1.0'}}
2025-01-28 15:00:27,327 - werkzeug - INFO - 127.0.0.1 - - [28/Jan/2025 15:00:27] "POST /predict HTTP/1.1" 200 -
2025-01-28 15:02:22,284 - __main__ - INFO - Prediction made: {'prediction': {'class': 2, 'status': 'Warning', 'confidence_scores': {'Failure': 0.03956771397227431, 'Normal': 0.016064780320712145, 'Warning': 0.9443675057070564}, 'threshold_warnings': []}, 'feature_analysis': {'importance': {'Traffic': 0.35087367170513567, 'Signal_Strength': 0.22245862561555318, 'Temperature': 0.21523928399814318, 'SINR': 0.15984043976060489, 'Humidity': 0.051587978920563056}, 'anomalies': []}, 'metadata': {'timestamp': '2025-01-28T15:02:22.284157', 'processing_time': '0.013s', 'model_version': '1.0'}}
2025-01-28 15:02:22,285 - werkzeug - INFO - 127.0.0.1 - - [28/Jan/2025 15:02:22] "POST /predict HTTP/1.1" 200 -
2025-01-28 15:04:43,542 - __main__ - INFO - Prediction made: {'prediction': {'class': 2, 'status': 'Warning', 'confidence_scores': {'Failure': 0.03785194483195173, 'Normal': 0.03211127986504663, 'Warning': 0.9300367753030463}, 'threshold_warnings': ['High temperature detected']}, 'feature_analysis': {'importance': {'Traffic': 0.35087367170513567, 'Signal_Strength': 0.22245862561555318, 'Temperature': 0.21523928399814318, 'SINR': 0.15984043976060489, 'Humidity': 0.051587978920563056}, 'anomalies': []}, 'metadata': {'timestamp': '2025-01-28T15:04:43.541223', 'processing_time': '0.014s', 'model_version': '1.0'}}
2025-01-28 15:04:43,545 - werkzeug - INFO - 127.0.0.1 - - [28/Jan/2025 15:04:43] "POST /predict HTTP/1.1" 200 -
2025-01-28 15:04:58,820 - __main__ - INFO - Prediction made: {'prediction': {'class': 0, 'status': 'Failure', 'confidence_scores': {'Failure': 0.9856483003943568, 'Normal': 0.0, 'Warning': 0.01435169960564945}, 'threshold_warnings': ['High temperature detected']}, 'feature_analysis': {'importance': {'Traffic': 0.35087367170513567, 'Signal_Strength': 0.22245862561555318, 'Temperature': 0.21523928399814318, 'SINR': 0.15984043976060489, 'Humidity': 0.051587978920563056}, 'anomalies': []}, 'metadata': {'timestamp': '2025-01-28T15:04:58.820521', 'processing_time': '0.009s', 'model_version': '1.0'}}
2025-01-28 15:04:58,820 - werkzeug - INFO - 127.0.0.1 - - [28/Jan/2025 15:04:58] "POST /predict HTTP/1.1" 200 -
2025-01-28 15:05:20,692 - __main__ - INFO - Prediction made: {'prediction': {'class': 2, 'status': 'Warning', 'confidence_scores': {'Failure': 0.06580979074524863, 'Normal': 0.03211127986504663, 'Warning': 0.9020789293897475}, 'threshold_warnings': ['High temperature detected']}, 'feature_analysis': {'importance': {'Traffic': 0.35087367170513567, 'Signal_Strength': 0.22245862561555318, 'Temperature': 0.21523928399814318, 'SINR': 0.15984043976060489, 'Humidity': 0.051587978920563056}, 'anomalies': []}, 'metadata': {'timestamp': '2025-01-28T15:05:20.692516', 'processing_time': '0.007s', 'model_version': '1.0'}}
2025-01-28 15:05:20,694 - werkzeug - INFO - 127.0.0.1 - - [28/Jan/2025 15:05:20] "POST /predict HTTP/1.1" 200 -
2025-01-28 15:05:32,958 - __main__ - INFO - Prediction made: {'prediction': {'class': 2, 'status': 'Warning', 'confidence_scores': {'Failure': 0.06580979074524863, 'Normal': 0.03211127986504663, 'Warning': 0.9020789293897475}, 'threshold_warnings': []}, 'feature_analysis': {'importance': {'Traffic': 0.35087367170513567, 'Signal_Strength': 0.22245862561555318, 'Temperature': 0.21523928399814318, 'SINR': 0.15984043976060489, 'Humidity': 0.051587978920563056}, 'anomalies': []}, 'metadata': {'timestamp': '2025-01-28T15:05:32.958285', 'processing_time': '0.008s', 'model_version': '1.0'}}
2025-01-28 15:05:32,959 - werkzeug - INFO - 127.0.0.1 - - [28/Jan/2025 15:05:32] "POST /predict HTTP/1.1" 200 -
2025-01-28 15:05:46,373 - __main__ - INFO - Prediction made: {'prediction': {'class': 2, 'status': 'Warning', 'confidence_scores': {'Failure': 0.06718841037865954, 'Normal': 0.016351906341675763, 'Warning': 0.9164596832797006}, 'threshold_warnings': []}, 'feature_analysis': {'importance': {'Traffic': 0.35087367170513567, 'Signal_Strength': 0.22245862561555318, 'Temperature': 0.21523928399814318, 'SINR': 0.15984043976060489, 'Humidity': 0.051587978920563056}, 'anomalies': []}, 'metadata': {'timestamp': '2025-01-28T15:05:46.373913', 'processing_time': '0.009s', 'model_version': '1.0'}}
2025-01-28 15:05:46,374 - werkzeug - INFO - 127.0.0.1 - - [28/Jan/2025 15:05:46] "POST /predict HTTP/1.1" 200 -
2025-01-28 15:05:52,008 - __main__ - INFO - Prediction made: {'prediction': {'class': 2, 'status': 'Warning', 'confidence_scores': {'Failure': 0.060742312662480834, 'Normal': 0.01631300560705862, 'Warning': 0.9229446817304857}, 'threshold_warnings': []}, 'feature_analysis': {'importance': {'Traffic': 0.35087367170513567, 'Signal_Strength': 0.22245862561555318, 'Temperature': 0.21523928399814318, 'SINR': 0.15984043976060489, 'Humidity': 0.051587978920563056}, 'anomalies': []}, 'metadata': {'timestamp': '2025-01-28T15:05:52.008234', 'processing_time': '0.008s', 'model_version': '1.0'}}
2025-01-28 15:05:52,008 - werkzeug - INFO - 127.0.0.1 - - [28/Jan/2025 15:05:52] "POST /predict HTTP/1.1" 200 -
2025-01-28 15:06:30,594 - __main__ - INFO - Prediction made: {'prediction': {'class': 1, 'status': 'Normal', 'confidence_scores': {'Failure': 0.008284915104463008, 'Normal': 0.961254794033931, 'Warning': 0.030460290861648448}, 'threshold_warnings': []}, 'feature_analysis': {'importance': {'Traffic': 0.35087367170513567, 'Signal_Strength': 0.22245862561555318, 'Temperature': 0.21523928399814318, 'SINR': 0.15984043976060489, 'Humidity': 0.051587978920563056}, 'anomalies': []}, 'metadata': {'timestamp': '2025-01-28T15:06:30.593968', 'processing_time': '0.006s', 'model_version': '1.0'}}
2025-01-28 15:06:30,595 - werkzeug - INFO - 127.0.0.1 - - [28/Jan/2025 15:06:30] "POST /predict HTTP/1.1" 200 -
2025-01-28 15:06:55,192 - werkzeug - INFO -  * Detected change in '/Users/youcefs/Desktop/data_mining/final/api/app.py', reloading
2025-01-28 15:06:55,931 - werkzeug - INFO -  * Restarting with watchdog (fsevents)
2025-01-28 15:06:57,446 - werkzeug - WARNING -  * Debugger is active!
2025-01-28 15:06:57,454 - werkzeug - INFO -  * Debugger PIN: 105-170-526
2025-01-28 15:06:58,025 - werkzeug - INFO -  * Detected change in '/Users/youcefs/Desktop/data_mining/final/api/app.py', reloading
2025-01-28 15:06:58,571 - werkzeug - INFO -  * Restarting with watchdog (fsevents)
2025-01-28 15:06:59,465 - werkzeug - WARNING -  * Debugger is active!
2025-01-28 15:06:59,472 - werkzeug - INFO -  * Debugger PIN: 105-170-526
2025-01-28 15:07:00,907 - werkzeug - INFO -  * Detected change in '/Users/youcefs/Desktop/data_mining/final/api/app.py', reloading
2025-01-28 15:07:01,589 - werkzeug - INFO -  * Restarting with watchdog (fsevents)
2025-01-28 15:07:02,542 - werkzeug - WARNING -  * Debugger is active!
2025-01-28 15:07:02,550 - werkzeug - INFO -  * Debugger PIN: 105-170-526
2025-01-28 15:07:03,811 - werkzeug - INFO -  * Detected change in '/Users/youcefs/Desktop/data_mining/final/api/app.py', reloading
2025-01-28 15:07:04,702 - werkzeug - INFO -  * Restarting with watchdog (fsevents)
2025-01-28 15:07:05,555 - werkzeug - WARNING -  * Debugger is active!
2025-01-28 15:07:05,565 - werkzeug - INFO -  * Debugger PIN: 105-170-526
2025-01-28 15:07:07,737 - werkzeug - INFO -  * Detected change in '/Users/youcefs/Desktop/data_mining/final/api/app.py', reloading
2025-01-28 15:07:08,693 - werkzeug - INFO -  * Restarting with watchdog (fsevents)
2025-01-28 15:07:09,565 - werkzeug - WARNING -  * Debugger is active!
2025-01-28 15:07:09,572 - werkzeug - INFO -  * Debugger PIN: 105-170-526
2025-01-28 15:07:11,809 - werkzeug - INFO -  * Detected change in '/Users/youcefs/Desktop/data_mining/final/api/app.py', reloading
2025-01-28 15:07:12,710 - werkzeug - INFO -  * Restarting with watchdog (fsevents)
2025-01-28 15:07:13,524 - werkzeug - WARNING -  * Debugger is active!
2025-01-28 15:07:13,532 - werkzeug - INFO -  * Debugger PIN: 105-170-526
2025-01-28 15:07:15,014 - werkzeug - INFO -  * Detected change in '/Users/youcefs/Desktop/data_mining/final/api/app.py', reloading
2025-01-28 15:07:15,679 - werkzeug - INFO -  * Restarting with watchdog (fsevents)
2025-01-28 15:07:16,489 - werkzeug - WARNING -  * Debugger is active!
2025-01-28 15:07:16,499 - werkzeug - INFO -  * Debugger PIN: 105-170-526
2025-01-28 15:07:25,952 - werkzeug - INFO -  * Detected change in '/Users/youcefs/Desktop/data_mining/final/api/app.py', reloading
2025-01-28 15:07:26,688 - werkzeug - INFO -  * Restarting with watchdog (fsevents)
2025-01-28 15:07:27,790 - werkzeug - WARNING -  * Debugger is active!
2025-01-28 15:07:27,805 - werkzeug - INFO -  * Debugger PIN: 105-170-526
2025-01-28 15:07:29,524 - werkzeug - INFO -  * Detected change in '/Users/youcefs/Desktop/data_mining/final/api/app.py', reloading
2025-01-28 15:07:29,964 - werkzeug - INFO -  * Restarting with watchdog (fsevents)
2025-01-28 15:07:30,857 - werkzeug - WARNING -  * Debugger is active!
2025-01-28 15:07:30,865 - werkzeug - INFO -  * Debugger PIN: 105-170-526
2025-01-28 15:07:31,448 - werkzeug - INFO -  * Detected change in '/Users/youcefs/Desktop/data_mining/final/api/app.py', reloading
2025-01-28 15:07:31,998 - werkzeug - INFO -  * Restarting with watchdog (fsevents)
2025-01-28 15:07:32,859 - werkzeug - WARNING -  * Debugger is active!
2025-01-28 15:07:32,869 - werkzeug - INFO -  * Debugger PIN: 105-170-526
